<?xml version="1.0" encoding="UTF-8"?>
<testng-results total="1" passed="1" failed="0" skipped="0">
  <reporter-output>
  </reporter-output>
  <suite started-at="2023-06-05T04:50:03Z" name="Default suite" finished-at="2023-06-05T04:50:19Z" duration-ms="16183">
    <groups>
    </groups>
    <test started-at="2023-06-05T04:50:03Z" name="Default test" finished-at="2023-06-05T04:50:19Z" duration-ms="16183">
      <class name="selenium.Day8.Day8_1">
        <test-method is-config="true" signature="beforeTest()[pri:0, instance:selenium.Day8.Day8_1@6d167f58]" started-at="2023-06-05T10:20:03Z" name="beforeTest" finished-at="2023-06-05T10:20:16Z" duration-ms="12787" status="PASS">
          <reporter-output>
          </reporter-output>
        </test-method> <!-- beforeTest -->
        <test-method signature="T01()[pri:0, instance:selenium.Day8.Day8_1@6d167f58]" started-at="2023-06-05T10:20:16Z" name="T01" finished-at="2023-06-05T10:20:16Z" duration-ms="381" status="PASS">
          <reporter-output>
          </reporter-output>
        </test-method> <!-- T01 -->
        <test-method is-config="true" signature="afterTest()[pri:0, instance:selenium.Day8.Day8_1@6d167f58]" started-at="2023-06-05T10:20:16Z" name="afterTest" finished-at="2023-06-05T10:20:19Z" duration-ms="3002" status="PASS">
          <reporter-output>
          </reporter-output>
        </test-method> <!-- afterTest -->
      </class> <!-- selenium.Day8.Day8_1 -->
    </test> <!-- Default test -->
  </suite> <!-- Default suite -->
</testng-results>
